<?xml version="1.0" encoding="UTF-8"?>
<testsuite name="com.fsn.template.application.ApplicationTest" tests="1" skipped="0" failures="0" errors="0" timestamp="2024-07-09T15:46:15" hostname="GLV-M-VKVX2KW01V" time="0.238">
  <properties/>
  <testcase name="testRoot" classname="com.fsn.template.application.ApplicationTest" time="0.238"/>
  <system-out><![CDATA[2024-07-09 17:46:15.581 [Test worker @coroutine#1] TRACE i.ktor.client.plugins.HttpPlainText - Adding Accept-Charset=UTF-8 to http:///health
2024-07-09 17:46:15.596 [DefaultDispatcher-worker-1 @call-context#2] INFO  ktor.test - No ktor.deployment.watch patterns specified, automatic reload is not active.
2024-07-09 17:46:15.609 [DefaultDispatcher-worker-1 @call-context#2] INFO  ktor.test - Application started in 0.016 seconds.
2024-07-09 17:46:15.610 [DefaultDispatcher-worker-3 @coroutine#4] INFO  ktor.test - Responding at http://localhost:80
2024-07-09 17:46:15.610 [DefaultDispatcher-worker-3 @coroutine#4] INFO  ktor.test - Responding at https://localhost:443
2024-07-09 17:46:15.623 [DefaultDispatcher-worker-1 @request#2] TRACE io.ktor.routing.Routing - Trace for [health]
/, segment:0 -> SUCCESS @ /
  /health, segment:1 -> SUCCESS @ /health
    /health/(method:GET), segment:1 -> SUCCESS @ /health/(method:GET)
Matched routes:
  "" -> "health" -> "(method:GET)"
Route resolve result:
  SUCCESS @ /health/(method:GET)
2024-07-09 17:46:15.625 [DefaultDispatcher-worker-1 @request#2] TRACE i.k.s.p.statuspages.StatusPages - No status code found for call: /health
2024-07-09 17:46:15.633 [Test worker @coroutine#1] TRACE i.k.client.plugins.HttpCallValidator - Validating response for request http://localhost/health
2024-07-09 17:46:15.633 [Test worker @coroutine#1] TRACE i.k.c.p.DefaultResponseValidation - Skipping default response validation for http://localhost/health
2024-07-09 17:46:15.711 [Test worker @coroutine#1] TRACE i.k.c.plugins.defaultTransformers - Transformed with default transformers response body for http://localhost/health to class io.ktor.utils.io.core.ByteReadPacket
]]></system-out>
  <system-err><![CDATA[]]></system-err>
</testsuite>
